SPUAssembly v1.1.3r squareroots.spus -> sr.spub
26    ->    28 | 3  | push rbx             |  0  1  1 
26    ->    35 | 10 | push 2               |  0  0  0  0  0  0  0  0  0 40 
26    ->    26 | 1  | pow                  |  c 
26    ->    35 | 10 | push 4               |  0  0  0  0  0  0  0  0 10 40 
26    ->    28 | 3  | push rax             |  0  1  0 
26    ->    26 | 1  | mul                  |  7 
26    ->    28 | 3  | push rcx             |  0  1  2 
26    ->    26 | 1  | mul                  |  7 
26    ->    26 | 1  | sub                  |  6 
26    ->    26 | 1  | sqrt                 |  b 
26    ->    28 | 3  | pop rdx              |  1  1  3 
26    ->    26 | 1  | clear                |  4 
26    ->    35 | 10 | push -1              |  0  0  0  0  0  0  0  0 f0 bf 
26    ->    28 | 3  | push rbx             |  0  1  1 
26    ->    26 | 1  | mul                  |  7 
26    ->    28 | 3  | push rdx             |  0  1  3 
26    ->    26 | 1  | sub                  |  6 
26    ->    35 | 10 | push 2               |  0  0  0  0  0  0  0  0  0 40 
26    ->    26 | 1  | div                  |  8 
26    ->    28 | 3  | push rax             |  0  1  0 
26    ->    26 | 1  | div                  |  8 
26    ->    28 | 3  | pop rcx              |  1  1  2 
26    ->    26 | 1  | clear                |  4 
26    ->    35 | 10 | push -1              |  0  0  0  0  0  0  0  0 f0 bf 
26    ->    28 | 3  | push rbx             |  0  1  1 
26    ->    26 | 1  | mul                  |  7 
26    ->    28 | 3  | push rdx             |  0  1  3 
26    ->    26 | 1  | add                  |  5 
26    ->    35 | 10 | push 2               |  0  0  0  0  0  0  0  0  0 40 
26    ->    26 | 1  | div                  |  8 
26    ->    28 | 3  | push rax             |  0  1  0 
26    ->    26 | 1  | div                  |  8 
26    ->    28 | 3  | pop rax              |  1  1  0 
26    ->    28 | 3  | out rax              |  e  1  0 
26    ->    28 | 3  | out rcx              |  e  1  2 
